"Severity","ThreadID","Date","Time","Application","Message"
"ERROR","web-0","11/14/2012","10:31:31","","Page /litetest/index.cfm [/Users/lmajano/Documents/MyDocs/OrtusSolutions/Products/DevBox/webapps/ROOT/litetest/index.cfm] not found"
"ERROR","web-0","11/14/2012","10:31:39","","Page /litetest/index.cfm [/Users/lmajano/Documents/MyDocs/OrtusSolutions/Products/DevBox/webapps/ROOT/litetest/index.cfm] not found"
"ERROR","web-0","11/14/2012","10:33:23","","invalid component definition, can't find coldbox.system.mvc.Bootstrap"
"ERROR","web-0","11/14/2012","10:47:52","","datasource [contacts] doesn't exist"
"ERROR","web-0","07/10/2013","12:42:46","","Page /coldbox/litesamples/index.cfm [/Users/lmajano/Documents/MyDocs/OrtusSolutions/Products/DevBox/webapps/ROOT/coldbox/litesamples/index.cfm] not found"
"ERROR","web-0","07/10/2013","12:45:56","","datasource [contacts] doesn't exist; existing datasource names are [_queryofquerydb]"
"ERROR","web-0","07/10/2013","12:46:03","","datasource [contacts] doesn't exist; existing datasource names are [_queryofquerydb]"
"ERROR","web-0","04/01/2014","14:00:37","","The key [CBBOOTSTRAP] does not exist, only the following keys are available: [applicationname]."
"ERROR","web-0","04/01/2014","14:03:07","","can't create directory /Users/benknox/Desktop/coldbox-devbox_2/webapps/ROOT/WEB-INF/railo/temp/graph, directory already exists"
"ERROR","web-0","04/01/2014","14:03:07","","Cache default is not registered.; Valid cache names are "
"ERROR","web-0","04/01/2014","14:41:03","","No matching function [RELOADCHECKS] found"
"ERROR","web-0","04/01/2014","14:53:20","","No matching function [INITCLIENTVARS] found"
"ERROR","web-0","04/01/2014","15:12:15","","can't create directory /Users/benknox/Desktop/coldbox-devbox_2/webapps/ROOT/WEB-INF/railo/temp/graph, directory already exists"
"ERROR","web-0","04/01/2014","15:12:18","","Page /Apollo21/index.cfm/index.cfm [/Users/benknox/Desktop/coldbox-devbox_2/webapps/ROOT/Apollo21/index.cfm/index.cfm] not found"
"ERROR","web-0","04/01/2014","17:05:48","","The key [event] does not exist, only the following keys are available: [cbox_incomingContextHash,currentRoute,currentRoutedURL]."
"ERROR","web-0","04/01/2014","17:05:53","","The key [bootstrap.min.css] does not exist, only the following keys are available: [event,namespace,namespaceRouting]."
"ERROR","web-0","04/01/2014","17:06:09","","The key [jquery.js] does not exist, only the following keys are available: [event,namespace,namespaceRouting]."
"ERROR","web-0","04/01/2014","17:06:09","","The key [bootstrap.min.css] does not exist, only the following keys are available: [event,jquery.js,namespace,namespaceRouting]."
"ERROR","web-0","04/01/2014","17:06:12","","The key [namespaceRouting] does not exist, only the following keys are available: [cbox_incomingContextHash,currentRoute,currentRoutedURL]."
"ERROR","web-0","04/01/2014","17:06:46","","The key [namespaceRouting] does not exist, only the following keys are available: [cbox_incomingContextHash,currentRoute,currentRoutedURL]."
"ERROR","web-0","04/01/2014","17:06:46","","The key [currentRoutedURL] does not exist, only the following keys are available: [event,jquery.js,namespace,namespaceRouting]."
"ERROR","web-0","04/01/2014","17:06:46","","The key [bootstrap.min.css] does not exist, only the following keys are available: [event,namespace,namespaceRouting]."
"ERROR","web-0","04/01/2014","17:07:12","","Page /Apollo21/index.cfm/index.cfm [/Users/benknox/Desktop/coldbox-devbox_2/webapps/ROOT/Apollo21/index.cfm/index.cfm] not found"
"ERROR","web-0","04/01/2014","17:07:12","","The key [jquery.js] does not exist, only the following keys are available: [bootstrap.min.css,event,namespace,namespaceRouting]."
"ERROR","web-0","04/01/2014","17:07:21","","The key [jquery.js] does not exist, only the following keys are available: [event,namespace,namespaceRouting]."
"ERROR","web-0","04/01/2014","17:07:21","","The key [currentRoutedURL] does not exist, only the following keys are available: [bootstrap.min.js,event,namespace,namespaceRouting]."
"ERROR","web-0","04/01/2014","17:07:21","","The key [jquery.js] does not exist, only the following keys are available: [bootstrap.min.css,event,namespace,namespaceRouting]."
"ERROR","web-0","04/01/2014","17:07:25","","The key [currentRoutedURL] does not exist, only the following keys are available: [bootstrap.min.js,event,namespace,namespaceRouting]."
"ERROR","web-0","04/01/2014","17:07:25","","The key [currentRoutedURL] does not exist, only the following keys are available: [bootstrap.min.css,event,namespace,namespaceRouting]."
"ERROR","web-0","04/01/2014","17:08:31","","The key [bootstrap.min.css] does not exist, but there is a similar key with name [bootstrap.min.js] available. Here is a complete list of all available keys: [bootstrap.min.js,event,namespace,namespaceRouting]."
"ERROR","web-0","04/01/2014","22:57:49","","The key [bootstrap.min.js] does not exist, only the following keys are available: [event,namespace,namespaceRouting]."
"ERROR","web-0","04/01/2014","22:59:03","","The key [bootstrap.min.css] does not exist, only the following keys are available: [event,namespace,namespaceRouting]."
"ERROR","web-0","04/02/2014","08:57:13","","The key [bootstrap.min.js] does not exist, but there is a similar key with name [bootstrap.min.css] available. Here is a complete list of all available keys: [bootstrap.min.css,event,namespace,namespaceRouting]."
"ERROR","web-0","04/02/2014","08:59:05","","The key [currentRoutedURL] does not exist, only the following keys are available: [event,namespace,namespaceRouting]."
"ERROR","web-0","04/02/2014","09:39:58","","Page /rewrite.cfm [/Users/benknox/Desktop/coldbox-devbox_2/webapps/ROOT/rewrite.cfm] not found"
"ERROR","web-0","04/02/2014","09:46:32","","invalid component definition, can't find Apollo21.assets.css.bootstrap-responsive.config.Coldbox"
"ERROR","web-0","04/02/2014","09:46:32","","invalid component definition, can't find Apollo21.assets.css.bootstrap.config.Coldbox"
"ERROR","web-0","04/02/2014","09:46:32","","invalid component definition, can't find Apollo21.assets.img.ColdBoxLogoSquare_125.config.Coldbox"
"ERROR","web-0","04/02/2014","09:46:32","","invalid component definition, can't find Apollo21.assets.js.jquery.config.Coldbox"
"ERROR","web-0","04/02/2014","09:46:33","","invalid component definition, can't find Apollo21.assets.js.bootstrap.min.config.Coldbox"
"ERROR","web-0","04/03/2014","22:43:50","","Page /Apollo21/Apollo21/index.cfm [/Users/benknox/Desktop/coldbox-devbox_2/webapps/ROOT/Apollo21/Apollo21/index.cfm] not found"
"ERROR","web-0","04/03/2014","22:43:54","","Page /Apollo21/Apollo21/index.cfm [/Users/benknox/Desktop/coldbox-devbox_2/webapps/ROOT/Apollo21/Apollo21/index.cfm] not found"
"ERROR","web-0","04/03/2014","22:43:55","","Page /Apollo21/Apollo21/index.cfm [/Users/benknox/Desktop/coldbox-devbox_2/webapps/ROOT/Apollo21/Apollo21/index.cfm] not found"
"ERROR","web-0","04/03/2014","22:43:56","","Page /Apollo21/Apollo21/index.cfm [/Users/benknox/Desktop/coldbox-devbox_2/webapps/ROOT/Apollo21/Apollo21/index.cfm] not found"
"ERROR","web-0","04/03/2014","22:43:56","","Page /Apollo21/Apollo21/index.cfm [/Users/benknox/Desktop/coldbox-devbox_2/webapps/ROOT/Apollo21/Apollo21/index.cfm] not found"
"ERROR","web-0","04/03/2014","22:43:56","","Page /Apollo21/Apollo21/index.cfm [/Users/benknox/Desktop/coldbox-devbox_2/webapps/ROOT/Apollo21/Apollo21/index.cfm] not found"
"ERROR","web-0","04/03/2014","23:57:38","","No handlers were found in: /Users/benknox/Desktop/coldbox-devbox_2/webapps/ROOT/Apollo21/handlers or in . So I have no clue how you are going to run this application."
"ERROR","web-0","04/03/2014","23:58:53","","No handlers were found in: /Users/benknox/Desktop/coldbox-devbox_2/webapps/ROOT/Apollo21/handlers or in . So I have no clue how you are going to run this application."
"ERROR","web-0","04/03/2014","23:59:34","","No handlers were found in: /Users/benknox/Desktop/coldbox-devbox_2/webapps/ROOT/Apollo21/handlers or in . So I have no clue how you are going to run this application."
